<?xml version="1.0" encoding="UTF-8"?>
<testng-results ignored="0" total="1" passed="1" failed="0" skipped="0">
  <reporter-output>
  </reporter-output>
  <suite started-at="2022-05-26T16:38:00 IST" name="Default suite" finished-at="2022-05-26T16:38:56 IST" duration-ms="55551">
    <groups>
      <group name="sanity">
        <method signature="CreateOrganizationTest.createOrganizationTest()[pri:0, instance:com.vtiger.organization.Test.CreateOrganizationTest@421a4ee1]" name="createOrganizationTest" class="com.vtiger.organization.Test.CreateOrganizationTest"/>
      </group> <!-- sanity -->
    </groups>
    <test started-at="2022-05-26T16:38:00 IST" name="Default test" finished-at="2022-05-26T16:38:56 IST" duration-ms="55551">
      <class name="com.vtiger.organization.Test.CreateOrganizationTest">
        <test-method is-config="true" signature="beforeSuiteTest()[pri:0, instance:com.vtiger.organization.Test.CreateOrganizationTest@421a4ee1]" started-at="2022-05-26T16:37:56 IST" name="beforeSuiteTest" finished-at="2022-05-26T16:38:00 IST" duration-ms="3960" status="PASS">
          <reporter-output>
          </reporter-output>
        </test-method> <!-- beforeSuiteTest -->
        <test-method is-config="true" signature="beforeClassTest()[pri:0, instance:com.vtiger.organization.Test.CreateOrganizationTest@421a4ee1]" started-at="2022-05-26T16:38:01 IST" name="beforeClassTest" finished-at="2022-05-26T16:38:14 IST" duration-ms="13465" status="PASS">
          <reporter-output>
          </reporter-output>
        </test-method> <!-- beforeClassTest -->
        <test-method is-config="true" signature="beforeMethodTest()[pri:0, instance:com.vtiger.organization.Test.CreateOrganizationTest@421a4ee1]" started-at="2022-05-26T16:38:14 IST" name="beforeMethodTest" finished-at="2022-05-26T16:38:30 IST" duration-ms="15465" status="PASS">
          <reporter-output>
          </reporter-output>
        </test-method> <!-- beforeMethodTest -->
        <test-method signature="createOrganizationTest()[pri:0, instance:com.vtiger.organization.Test.CreateOrganizationTest@421a4ee1]" started-at="2022-05-26T16:38:30 IST" name="createOrganizationTest" finished-at="2022-05-26T16:38:48 IST" duration-ms="18485" status="PASS">
          <reporter-output>
          </reporter-output>
        </test-method> <!-- createOrganizationTest -->
        <test-method is-config="true" signature="afterMethodTest()[pri:0, instance:com.vtiger.organization.Test.CreateOrganizationTest@421a4ee1]" started-at="2022-05-26T16:38:48 IST" name="afterMethodTest" finished-at="2022-05-26T16:38:56 IST" duration-ms="7260" status="PASS">
          <reporter-output>
          </reporter-output>
        </test-method> <!-- afterMethodTest -->
        <test-method is-config="true" signature="afterClassTest()[pri:0, instance:com.vtiger.organization.Test.CreateOrganizationTest@421a4ee1]" started-at="2022-05-26T16:38:56 IST" name="afterClassTest" finished-at="2022-05-26T16:38:56 IST" duration-ms="308" status="PASS">
          <reporter-output>
          </reporter-output>
        </test-method> <!-- afterClassTest -->
        <test-method is-config="true" signature="afterSuiteTest()[pri:0, instance:com.vtiger.organization.Test.CreateOrganizationTest@421a4ee1]" started-at="2022-05-26T16:38:56 IST" name="afterSuiteTest" finished-at="2022-05-26T16:38:56 IST" duration-ms="1" status="PASS">
          <reporter-output>
          </reporter-output>
        </test-method> <!-- afterSuiteTest -->
      </class> <!-- com.vtiger.organization.Test.CreateOrganizationTest -->
    </test> <!-- Default test -->
  </suite> <!-- Default suite -->
</testng-results>
